2019-09-05 09:08:35.444  INFO 2728 --- [restartedMain] i.p.a.p.PedibusprojectApplication        : Starting PedibusprojectApplication on DESKTOP-NMQ0NO1 with PID 2728 (started by Davide in C:\Users\Davide\Documents\Applicazioni Internet\pedibusproject)
2019-09-05 09:08:35.582  INFO 2728 --- [restartedMain] i.p.a.p.PedibusprojectApplication        : No active profile set, falling back to default profiles: default
2019-09-05 09:08:35.767  INFO 2728 --- [restartedMain] .e.DevToolsPropertyDefaultsPostProcessor : Devtools property defaults active! Set 'spring.devtools.add-properties' to 'false' to disable
2019-09-05 09:08:35.768  INFO 2728 --- [restartedMain] .e.DevToolsPropertyDefaultsPostProcessor : For additional web related logging consider setting the 'logging.level.web' property to 'DEBUG'
2019-09-05 09:08:39.295  INFO 2728 --- [restartedMain] .s.d.r.c.RepositoryConfigurationDelegate : Bootstrapping Spring Data repositories in DEFAULT mode.
2019-09-05 09:08:39.564  INFO 2728 --- [restartedMain] .s.d.r.c.RepositoryConfigurationDelegate : Finished Spring Data repository scanning in 255ms. Found 10 repository interfaces.
2019-09-05 09:08:40.246  INFO 2728 --- [restartedMain] trationDelegate$BeanPostProcessorChecker : Bean 'org.springframework.hateoas.config.HateoasConfiguration' of type [org.springframework.hateoas.config.HateoasConfiguration$$EnhancerBySpringCGLIB$$299b7349] is not eligible for getting processed by all BeanPostProcessors (for example: not eligible for auto-proxying)
2019-09-05 09:08:40.928  INFO 2728 --- [restartedMain] o.s.b.w.embedded.tomcat.TomcatWebServer  : Tomcat initialized with port(s): 8080 (http)
2019-09-05 09:08:40.973  INFO 2728 --- [restartedMain] o.apache.catalina.core.StandardService   : Starting service [Tomcat]
2019-09-05 09:08:40.977  INFO 2728 --- [restartedMain] org.apache.catalina.core.StandardEngine  : Starting Servlet engine: [Apache Tomcat/9.0.21]
2019-09-05 09:08:41.378  INFO 2728 --- [restartedMain] o.a.c.c.C.[Tomcat].[localhost].[/]       : Initializing Spring embedded WebApplicationContext
2019-09-05 09:08:41.381  INFO 2728 --- [restartedMain] o.s.web.context.ContextLoader            : Root WebApplicationContext: initialization completed in 5612 ms
2019-09-05 09:08:44.676  INFO 2728 --- [restartedMain] org.mongodb.driver.cluster               : Cluster created with settings {hosts=[localhost:27017], mode=MULTIPLE, requiredClusterType=UNKNOWN, serverSelectionTimeout='30000 ms', maxWaitQueueSize=500}
2019-09-05 09:08:44.679  INFO 2728 --- [restartedMain] org.mongodb.driver.cluster               : Adding discovered server localhost:27017 to client view of cluster
2019-09-05 09:08:44.780  INFO 2728 --- [cluster-ClusterId{value='5d70b47c64c7e00aa8272aa0', description='null'}-localhost:27017] org.mongodb.driver.connection            : Opened connection [connectionId{localValue:1, serverValue:29}] to localhost:27017
2019-09-05 09:08:44.788  INFO 2728 --- [cluster-ClusterId{value='5d70b47c64c7e00aa8272aa0', description='null'}-localhost:27017] org.mongodb.driver.cluster               : Monitor thread successfully connected to server with description ServerDescription{address=localhost:27017, type=STANDALONE, state=CONNECTED, ok=true, version=ServerVersion{versionList=[4, 0, 8]}, minWireVersion=0, maxWireVersion=7, maxDocumentSize=16777216, logicalSessionTimeoutMinutes=30, roundTripTimeNanos=3807839}
2019-09-05 09:08:44.791  INFO 2728 --- [cluster-ClusterId{value='5d70b47c64c7e00aa8272aa0', description='null'}-localhost:27017] org.mongodb.driver.cluster               : Discovered cluster type of STANDALONE
2019-09-05 09:08:45.185  INFO 2728 --- [restartedMain] o.s.b.d.a.OptionalLiveReloadServer       : LiveReload server is running on port 35729
2019-09-05 09:08:45.449  INFO 2728 --- [restartedMain] org.mongodb.driver.connection            : Opened connection [connectionId{localValue:2, serverValue:30}] to localhost:27017
2019-09-05 09:08:46.938  INFO 2728 --- [restartedMain] o.s.s.concurrent.ThreadPoolTaskExecutor  : Initializing ExecutorService
2019-09-05 09:08:46.941  INFO 2728 --- [restartedMain] o.s.s.concurrent.ThreadPoolTaskExecutor  : Initializing ExecutorService 'threadPoolTaskExecutor'
2019-09-05 09:08:47.516  INFO 2728 --- [restartedMain] o.s.b.a.w.s.WelcomePageHandlerMapping    : Adding welcome page: class path resource [static/index.html]
2019-09-05 09:08:47.911  INFO 2728 --- [restartedMain] o.s.s.web.DefaultSecurityFilterChain     : Creating filter chain: any request, [org.springframework.security.web.context.request.async.WebAsyncManagerIntegrationFilter@2fa7d5d9, org.springframework.security.web.context.SecurityContextPersistenceFilter@6822cfd1, org.springframework.security.web.header.HeaderWriterFilter@3b28e028, org.springframework.web.filter.CorsFilter@2436694c, org.springframework.security.web.authentication.logout.LogoutFilter@63210449, it.polito.ai.pedibusproject.security.JwtTokenFilter@742fd8ba, org.springframework.security.web.savedrequest.RequestCacheAwareFilter@3b4be60a, org.springframework.security.web.servletapi.SecurityContextHolderAwareRequestFilter@12aadc8c, org.springframework.security.web.authentication.AnonymousAuthenticationFilter@5deaa4b1, org.springframework.security.web.session.SessionManagementFilter@6b97865b, org.springframework.security.web.access.ExceptionTranslationFilter@706c9eb9, org.springframework.security.web.access.intercept.FilterSecurityInterceptor@212b721c]
2019-09-05 09:08:48.177  INFO 2728 --- [restartedMain] d.s.w.p.DocumentationPluginsBootstrapper : Context refreshed
2019-09-05 09:08:48.211  INFO 2728 --- [restartedMain] d.s.w.p.DocumentationPluginsBootstrapper : Found 1 custom documentation plugin(s)
2019-09-05 09:08:48.233  INFO 2728 --- [restartedMain] s.d.s.w.s.ApiListingReferenceScanner     : Scanning for api listing references
2019-09-05 09:08:48.715  INFO 2728 --- [restartedMain] .d.s.w.r.o.CachingOperationNameGenerator : Generating unique operation named: getAvailabilitiesUsingGET_1
2019-09-05 09:08:49.032  INFO 2728 --- [restartedMain] .d.s.w.r.o.CachingOperationNameGenerator : Generating unique operation named: getLineUsingGET_1
2019-09-05 09:08:49.049  INFO 2728 --- [restartedMain] .d.s.w.r.o.CachingOperationNameGenerator : Generating unique operation named: getLineUsingGET_2
2019-09-05 09:08:49.360  INFO 2728 --- [restartedMain] o.s.b.w.embedded.tomcat.TomcatWebServer  : Tomcat started on port(s): 8080 (http) with context path ''
2019-09-05 09:08:49.363  INFO 2728 --- [restartedMain] i.p.a.p.PedibusprojectApplication        : Started PedibusprojectApplication in 14.973 seconds (JVM running for 18.137)
2019-09-05 09:12:05.609  INFO 2728 --- [http-nio-8080-exec-1] o.a.c.c.C.[Tomcat].[localhost].[/]       : Initializing Spring DispatcherServlet 'dispatcherServlet'
2019-09-05 09:12:05.610  INFO 2728 --- [http-nio-8080-exec-1] o.s.web.servlet.DispatcherServlet        : Initializing Servlet 'dispatcherServlet'
2019-09-05 09:12:05.622  INFO 2728 --- [http-nio-8080-exec-1] o.s.web.servlet.DispatcherServlet        : Completed initialization in 11 ms
2019-09-05 09:12:11.334  INFO 2728 --- [http-nio-8080-exec-2] org.mongodb.driver.connection            : Opened connection [connectionId{localValue:3, serverValue:31}] to localhost:27017
2019-09-05 09:12:21.847  INFO 2728 --- [http-nio-8080-exec-3] org.mongodb.driver.connection            : Opened connection [connectionId{localValue:4, serverValue:32}] to localhost:27017
2019-09-05 09:13:52.357  WARN 2728 --- [http-nio-8080-exec-3] .w.s.m.a.ResponseStatusExceptionResolver : Resolved [it.polito.ai.pedibusproject.exceptions.BadRequestException: 400 BAD_REQUEST "Bad Request: Reservation <updateAbsent> cannot update reservation of already passed StopBus"]
2019-09-05 09:13:55.717  WARN 2728 --- [http-nio-8080-exec-6] .w.s.m.a.ResponseStatusExceptionResolver : Resolved [it.polito.ai.pedibusproject.exceptions.BadRequestException: 400 BAD_REQUEST "Bad Request: BusRide <updateLastStopBus> la nuova fermata non è successiva a quella vecchia."]
2019-09-05 09:13:56.251  WARN 2728 --- [http-nio-8080-exec-5] .w.s.m.a.ResponseStatusExceptionResolver : Resolved [it.polito.ai.pedibusproject.exceptions.BadRequestException: 400 BAD_REQUEST "Bad Request: BusRide <updateLastStopBus> la nuova fermata non è successiva a quella vecchia."]
2019-09-05 09:14:01.273  WARN 2728 --- [http-nio-8080-exec-2] .w.s.m.a.ResponseStatusExceptionResolver : Resolved [it.polito.ai.pedibusproject.exceptions.BadRequestException: 400 BAD_REQUEST "Bad Request: BusRide <updateLastStopBus> la nuova fermata non è successiva a quella vecchia."]
2019-09-05 09:14:01.581  WARN 2728 --- [http-nio-8080-exec-6] .w.s.m.a.ResponseStatusExceptionResolver : Resolved [it.polito.ai.pedibusproject.exceptions.BadRequestException: 400 BAD_REQUEST "Bad Request: BusRide <updateLastStopBus> la nuova fermata non è successiva a quella vecchia."]
2019-09-05 09:14:01.900  WARN 2728 --- [http-nio-8080-exec-6] .w.s.m.a.ResponseStatusExceptionResolver : Resolved [it.polito.ai.pedibusproject.exceptions.BadRequestException: 400 BAD_REQUEST "Bad Request: BusRide <updateLastStopBus> la nuova fermata non è successiva a quella vecchia."]
2019-09-05 09:14:02.062  WARN 2728 --- [http-nio-8080-exec-10] .w.s.m.a.ResponseStatusExceptionResolver : Resolved [it.polito.ai.pedibusproject.exceptions.BadRequestException: 400 BAD_REQUEST "Bad Request: BusRide <updateLastStopBus> la nuova fermata non è successiva a quella vecchia."]
2019-09-05 09:14:02.236  WARN 2728 --- [http-nio-8080-exec-3] .w.s.m.a.ResponseStatusExceptionResolver : Resolved [it.polito.ai.pedibusproject.exceptions.BadRequestException: 400 BAD_REQUEST "Bad Request: BusRide <updateLastStopBus> la nuova fermata non è successiva a quella vecchia."]
2019-09-05 09:14:02.416  WARN 2728 --- [http-nio-8080-exec-9] .w.s.m.a.ResponseStatusExceptionResolver : Resolved [it.polito.ai.pedibusproject.exceptions.BadRequestException: 400 BAD_REQUEST "Bad Request: BusRide <updateLastStopBus> la nuova fermata non è successiva a quella vecchia."]
2019-09-05 09:15:06.301  INFO 11032 --- [restartedMain] i.p.a.p.PedibusprojectApplication        : Starting PedibusprojectApplication on DESKTOP-NMQ0NO1 with PID 11032 (started by Davide in C:\Users\Davide\Documents\Applicazioni Internet\pedibusproject)
2019-09-05 09:15:06.305  INFO 11032 --- [restartedMain] i.p.a.p.PedibusprojectApplication        : No active profile set, falling back to default profiles: default
2019-09-05 09:15:06.369  INFO 11032 --- [restartedMain] .e.DevToolsPropertyDefaultsPostProcessor : Devtools property defaults active! Set 'spring.devtools.add-properties' to 'false' to disable
2019-09-05 09:15:06.369  INFO 11032 --- [restartedMain] .e.DevToolsPropertyDefaultsPostProcessor : For additional web related logging consider setting the 'logging.level.web' property to 'DEBUG'
2019-09-05 09:15:08.600  INFO 11032 --- [restartedMain] .s.d.r.c.RepositoryConfigurationDelegate : Bootstrapping Spring Data repositories in DEFAULT mode.
2019-09-05 09:15:08.848  INFO 11032 --- [restartedMain] .s.d.r.c.RepositoryConfigurationDelegate : Finished Spring Data repository scanning in 237ms. Found 10 repository interfaces.
2019-09-05 09:15:09.560  INFO 11032 --- [restartedMain] trationDelegate$BeanPostProcessorChecker : Bean 'org.springframework.hateoas.config.HateoasConfiguration' of type [org.springframework.hateoas.config.HateoasConfiguration$$EnhancerBySpringCGLIB$$1e3f34e6] is not eligible for getting processed by all BeanPostProcessors (for example: not eligible for auto-proxying)
2019-09-05 09:15:10.296  INFO 11032 --- [restartedMain] o.s.b.w.embedded.tomcat.TomcatWebServer  : Tomcat initialized with port(s): 8080 (http)
2019-09-05 09:15:10.347  INFO 11032 --- [restartedMain] o.apache.catalina.core.StandardService   : Starting service [Tomcat]
2019-09-05 09:15:10.349  INFO 11032 --- [restartedMain] org.apache.catalina.core.StandardEngine  : Starting Servlet engine: [Apache Tomcat/9.0.21]
2019-09-05 09:15:10.609  INFO 11032 --- [restartedMain] o.a.c.c.C.[Tomcat].[localhost].[/]       : Initializing Spring embedded WebApplicationContext
2019-09-05 09:15:10.609  INFO 11032 --- [restartedMain] o.s.web.context.ContextLoader            : Root WebApplicationContext: initialization completed in 4239 ms
2019-09-05 09:15:12.606  INFO 11032 --- [restartedMain] org.mongodb.driver.cluster               : Cluster created with settings {hosts=[localhost:27017], mode=MULTIPLE, requiredClusterType=UNKNOWN, serverSelectionTimeout='30000 ms', maxWaitQueueSize=500}
2019-09-05 09:15:12.609  INFO 11032 --- [restartedMain] org.mongodb.driver.cluster               : Adding discovered server localhost:27017 to client view of cluster
2019-09-05 09:15:12.694  INFO 11032 --- [cluster-ClusterId{value='5d70b60064c7e02b18dd9719', description='null'}-localhost:27017] org.mongodb.driver.connection            : Opened connection [connectionId{localValue:1, serverValue:33}] to localhost:27017
2019-09-05 09:15:12.701  INFO 11032 --- [cluster-ClusterId{value='5d70b60064c7e02b18dd9719', description='null'}-localhost:27017] org.mongodb.driver.cluster               : Monitor thread successfully connected to server with description ServerDescription{address=localhost:27017, type=STANDALONE, state=CONNECTED, ok=true, version=ServerVersion{versionList=[4, 0, 8]}, minWireVersion=0, maxWireVersion=7, maxDocumentSize=16777216, logicalSessionTimeoutMinutes=30, roundTripTimeNanos=4440769}
2019-09-05 09:15:12.719  INFO 11032 --- [cluster-ClusterId{value='5d70b60064c7e02b18dd9719', description='null'}-localhost:27017] org.mongodb.driver.cluster               : Discovered cluster type of STANDALONE
2019-09-05 09:15:13.265  INFO 11032 --- [restartedMain] o.s.b.d.a.OptionalLiveReloadServer       : LiveReload server is running on port 35729
2019-09-05 09:15:13.499  INFO 11032 --- [restartedMain] org.mongodb.driver.connection            : Opened connection [connectionId{localValue:2, serverValue:34}] to localhost:27017
2019-09-05 09:15:15.191  INFO 11032 --- [restartedMain] o.s.s.concurrent.ThreadPoolTaskExecutor  : Initializing ExecutorService
2019-09-05 09:15:15.194  INFO 11032 --- [restartedMain] o.s.s.concurrent.ThreadPoolTaskExecutor  : Initializing ExecutorService 'threadPoolTaskExecutor'
2019-09-05 09:15:15.719  INFO 11032 --- [restartedMain] o.s.b.a.w.s.WelcomePageHandlerMapping    : Adding welcome page: class path resource [static/index.html]
2019-09-05 09:15:16.066  INFO 11032 --- [restartedMain] o.s.s.web.DefaultSecurityFilterChain     : Creating filter chain: any request, [org.springframework.security.web.context.request.async.WebAsyncManagerIntegrationFilter@f3c5535, org.springframework.security.web.context.SecurityContextPersistenceFilter@21d49046, org.springframework.security.web.header.HeaderWriterFilter@26ecdf0b, org.springframework.web.filter.CorsFilter@321585c1, org.springframework.security.web.authentication.logout.LogoutFilter@3f27cbc8, it.polito.ai.pedibusproject.security.JwtTokenFilter@772b0298, org.springframework.security.web.savedrequest.RequestCacheAwareFilter@9f17d3b, org.springframework.security.web.servletapi.SecurityContextHolderAwareRequestFilter@54b0d839, org.springframework.security.web.authentication.AnonymousAuthenticationFilter@65e51172, org.springframework.security.web.session.SessionManagementFilter@13270033, org.springframework.security.web.access.ExceptionTranslationFilter@52362919, org.springframework.security.web.access.intercept.FilterSecurityInterceptor@1bb9fc35]
2019-09-05 09:15:16.287  INFO 11032 --- [restartedMain] d.s.w.p.DocumentationPluginsBootstrapper : Context refreshed
2019-09-05 09:15:16.352  INFO 11032 --- [restartedMain] d.s.w.p.DocumentationPluginsBootstrapper : Found 1 custom documentation plugin(s)
2019-09-05 09:15:16.374  INFO 11032 --- [restartedMain] s.d.s.w.s.ApiListingReferenceScanner     : Scanning for api listing references
2019-09-05 09:15:16.770  INFO 11032 --- [restartedMain] .d.s.w.r.o.CachingOperationNameGenerator : Generating unique operation named: getAvailabilitiesUsingGET_1
2019-09-05 09:15:17.077  INFO 11032 --- [restartedMain] .d.s.w.r.o.CachingOperationNameGenerator : Generating unique operation named: getLineUsingGET_1
2019-09-05 09:15:17.098  INFO 11032 --- [restartedMain] .d.s.w.r.o.CachingOperationNameGenerator : Generating unique operation named: getLineUsingGET_2
2019-09-05 09:15:17.460  INFO 11032 --- [restartedMain] o.s.b.w.embedded.tomcat.TomcatWebServer  : Tomcat started on port(s): 8080 (http) with context path ''
2019-09-05 09:15:17.464  INFO 11032 --- [restartedMain] i.p.a.p.PedibusprojectApplication        : Started PedibusprojectApplication in 11.701 seconds (JVM running for 18.254)
2019-09-05 09:15:17.531  INFO 11032 --- [http-nio-8080-exec-2] o.a.c.c.C.[Tomcat].[localhost].[/]       : Initializing Spring DispatcherServlet 'dispatcherServlet'
2019-09-05 09:15:17.532  INFO 11032 --- [http-nio-8080-exec-2] o.s.web.servlet.DispatcherServlet        : Initializing Servlet 'dispatcherServlet'
2019-09-05 09:15:17.546  INFO 11032 --- [http-nio-8080-exec-2] o.s.web.servlet.DispatcherServlet        : Completed initialization in 13 ms
2019-09-05 09:15:17.775  INFO 11032 --- [http-nio-8080-exec-2] org.mongodb.driver.connection            : Opened connection [connectionId{localValue:3, serverValue:35}] to localhost:27017
2019-09-05 09:15:18.038  INFO 11032 --- [http-nio-8080-exec-9] org.mongodb.driver.connection            : Opened connection [connectionId{localValue:4, serverValue:36}] to localhost:27017
2019-09-05 09:15:18.155  INFO 11032 --- [http-nio-8080-exec-2] org.mongodb.driver.connection            : Opened connection [connectionId{localValue:5, serverValue:37}] to localhost:27017
2019-09-05 09:15:18.170  INFO 11032 --- [http-nio-8080-exec-3] org.mongodb.driver.connection            : Opened connection [connectionId{localValue:6, serverValue:38}] to localhost:27017
2019-09-05 09:15:18.207  INFO 11032 --- [http-nio-8080-exec-5] org.mongodb.driver.connection            : Opened connection [connectionId{localValue:7, serverValue:39}] to localhost:27017
2019-09-05 09:15:18.213  INFO 11032 --- [http-nio-8080-exec-6] org.mongodb.driver.connection            : Opened connection [connectionId{localValue:8, serverValue:40}] to localhost:27017
2019-09-05 09:15:19.685  INFO 11032 --- [http-nio-8080-exec-10] org.mongodb.driver.connection            : Opened connection [connectionId{localValue:9, serverValue:41}] to localhost:27017
2019-09-05 09:15:47.521  WARN 11032 --- [http-nio-8080-exec-5] .w.s.m.a.ResponseStatusExceptionResolver : Resolved [it.polito.ai.pedibusproject.exceptions.BadRequestException: 400 BAD_REQUEST "Bad Request: Reservation <updateGetOut> cannot update reservation of already passed StopBus"]
2019-09-05 09:15:48.594  WARN 11032 --- [http-nio-8080-exec-3] .w.s.m.a.ResponseStatusExceptionResolver : Resolved [it.polito.ai.pedibusproject.exceptions.BadRequestException: 400 BAD_REQUEST "Bad Request: BusRide <updateLastStopBus> la nuova fermata non è successiva a quella vecchia."]
2019-09-05 09:15:49.389  WARN 11032 --- [http-nio-8080-exec-5] .w.s.m.a.ResponseStatusExceptionResolver : Resolved [it.polito.ai.pedibusproject.exceptions.BadRequestException: 400 BAD_REQUEST "Bad Request: BusRide <updateLastStopBus> la nuova fermata non è successiva a quella vecchia."]
2019-09-05 09:15:49.614  WARN 11032 --- [http-nio-8080-exec-7] .w.s.m.a.ResponseStatusExceptionResolver : Resolved [it.polito.ai.pedibusproject.exceptions.BadRequestException: 400 BAD_REQUEST "Bad Request: BusRide <updateLastStopBus> la nuova fermata non è successiva a quella vecchia."]
2019-09-05 09:15:49.772  WARN 11032 --- [http-nio-8080-exec-9] .w.s.m.a.ResponseStatusExceptionResolver : Resolved [it.polito.ai.pedibusproject.exceptions.BadRequestException: 400 BAD_REQUEST "Bad Request: BusRide <updateLastStopBus> la nuova fermata non è successiva a quella vecchia."]
2019-09-05 09:15:49.933  WARN 11032 --- [http-nio-8080-exec-5] .w.s.m.a.ResponseStatusExceptionResolver : Resolved [it.polito.ai.pedibusproject.exceptions.BadRequestException: 400 BAD_REQUEST "Bad Request: BusRide <updateLastStopBus> la nuova fermata non è successiva a quella vecchia."]
2019-09-05 09:15:50.145  WARN 11032 --- [http-nio-8080-exec-1] .w.s.m.a.ResponseStatusExceptionResolver : Resolved [it.polito.ai.pedibusproject.exceptions.BadRequestException: 400 BAD_REQUEST "Bad Request: BusRide <updateLastStopBus> la nuova fermata non è successiva a quella vecchia."]
2019-09-05 09:15:50.301  WARN 11032 --- [http-nio-8080-exec-3] .w.s.m.a.ResponseStatusExceptionResolver : Resolved [it.polito.ai.pedibusproject.exceptions.BadRequestException: 400 BAD_REQUEST "Bad Request: BusRide <updateLastStopBus> la nuova fermata non è successiva a quella vecchia."]
